<?xml version="1.0" encoding="UTF-8"?>
<coverage generated="1750251407456" clover="3.2.0">
  <project timestamp="1750251407456" name="All files">
    <metrics statements="16" coveredstatements="15" conditionals="4" coveredconditionals="2" methods="2" coveredmethods="2" elements="22" coveredelements="19" complexity="0" loc="16" ncloc="16" packages="2" files="2" classes="2"/>
    <package name="algolia">
      <metrics statements="12" coveredstatements="11" conditionals="4" coveredconditionals="2" methods="2" coveredmethods="2"/>
      <file name="syncProducts.js" path="C:\Users\ldgb2\OneDrive\Documents\Universidad 2025\7. Septimo Semestre\Progra Profesional\Proyecto Semestral\backend\algolia\syncProducts.js">
        <metrics statements="12" coveredstatements="11" conditionals="4" coveredconditionals="2" methods="2" coveredmethods="2"/>
        <line num="1" count="1" type="stmt"/>
        <line num="2" count="1" type="stmt"/>
        <line num="4" count="1" type="stmt"/>
        <line num="7" count="2" type="stmt"/>
        <line num="9" count="2" type="stmt"/>
        <line num="22" count="2" type="stmt"/>
        <line num="33" count="2" type="stmt"/>
        <line num="34" count="1" type="stmt"/>
        <line num="36" count="1" type="stmt"/>
        <line num="41" count="1" type="cond" truecount="1" falsecount="1"/>
        <line num="42" count="0" type="stmt"/>
        <line num="46" count="1" type="stmt"/>
      </file>
    </package>
    <package name="models">
      <metrics statements="4" coveredstatements="4" conditionals="0" coveredconditionals="0" methods="0" coveredmethods="0"/>
      <file name="db.promise.js" path="C:\Users\ldgb2\OneDrive\Documents\Universidad 2025\7. Septimo Semestre\Progra Profesional\Proyecto Semestral\backend\models\db.promise.js">
        <metrics statements="4" coveredstatements="4" conditionals="0" coveredconditionals="0" methods="0" coveredmethods="0"/>
        <line num="1" count="1" type="stmt"/>
        <line num="2" count="1" type="stmt"/>
        <line num="4" count="1" type="stmt"/>
        <line num="11" count="1" type="stmt"/>
      </file>
    </package>
  </project>
</coverage>
