{"C:\\Users\\ldgb2\\OneDrive\\Documents\\Universidad 2025\\7. Septimo Semestre\\Progra Profesional\\Proyecto Semestral\\backend\\algolia\\syncProducts.js": {"path":"C:\\Users\\ldgb2\\OneDrive\\Documents\\Universidad 2025\\7. Septimo Semestre\\Progra Profesional\\Proyecto Semestral\\backend\\algolia\\syncProducts.js","statementMap":{"0":{"start":{"line":1,"column":14},"end":{"line":1,"column":40}},"1":{"start":{"line":2,"column":11},"end":{"line":2,"column":42}},"2":{"start":{"line":4,"column":28},"end":{"line":4,"column":79}},"3":{"start":{"line":7,"column":2},"end":{"line":37,"column":3}},"4":{"start":{"line":9,"column":19},"end":{"line":19,"column":6}},"5":{"start":{"line":22,"column":30},"end":{"line":30,"column":7}},"6":{"start":{"line":22,"column":45},"end":{"line":30,"column":5}},"7":{"start":{"line":33,"column":4},"end":{"line":33,"column":47}},"8":{"start":{"line":34,"column":4},"end":{"line":34,"column":61}},"9":{"start":{"line":36,"column":4},"end":{"line":36,"column":62}},"10":{"start":{"line":41,"column":0},"end":{"line":43,"column":1}},"11":{"start":{"line":42,"column":2},"end":{"line":42,"column":26}},"12":{"start":{"line":46,"column":0},"end":{"line":46,"column":39}}},"fnMap":{"0":{"name":"syncProductsToAlgolia","decl":{"start":{"line":6,"column":15},"end":{"line":6,"column":36}},"loc":{"start":{"line":6,"column":39},"end":{"line":38,"column":1}},"line":6},"1":{"name":"(anonymous_1)","decl":{"start":{"line":22,"column":39},"end":{"line":22,"column":40}},"loc":{"start":{"line":22,"column":45},"end":{"line":30,"column":5}},"line":22}},"branchMap":{"0":{"loc":{"start":{"line":29,"column":13},"end":{"line":29,"column":73}},"type":"cond-expr","locations":[{"start":{"line":29,"column":27},"end":{"line":29,"column":66}},{"start":{"line":29,"column":69},"end":{"line":29,"column":73}}],"line":29},"1":{"loc":{"start":{"line":41,"column":0},"end":{"line":43,"column":1}},"type":"if","locations":[{"start":{"line":41,"column":0},"end":{"line":43,"column":1}},{"start":{},"end":{}}],"line":41}},"s":{"0":1,"1":1,"2":1,"3":2,"4":2,"5":2,"6":2,"7":2,"8":1,"9":1,"10":1,"11":0,"12":1},"f":{"0":2,"1":2},"b":{"0":[2,0],"1":[0,1]},"_coverageSchema":"1a1c01bbd47fc00a2c39e90264f33305004495a9","hash":"1d2288e2f081c3d926f9443092f3e0bac7db6742"}
,"C:\\Users\\ldgb2\\OneDrive\\Documents\\Universidad 2025\\7. Septimo Semestre\\Progra Profesional\\Proyecto Semestral\\backend\\models\\db.promise.js": {"path":"C:\\Users\\ldgb2\\OneDrive\\Documents\\Universidad 2025\\7. Septimo Semestre\\Progra Profesional\\Proyecto Semestral\\backend\\models\\db.promise.js","statementMap":{"0":{"start":{"line":1,"column":14},"end":{"line":1,"column":39}},"1":{"start":{"line":2,"column":0},"end":{"line":2,"column":27}},"2":{"start":{"line":4,"column":13},"end":{"line":9,"column":2}},"3":{"start":{"line":11,"column":0},"end":{"line":11,"column":22}}},"fnMap":{},"branchMap":{},"s":{"0":1,"1":1,"2":1,"3":1},"f":{},"b":{},"_coverageSchema":"1a1c01bbd47fc00a2c39e90264f33305004495a9","hash":"0f245bca39a403edd1a45f125a3d8297e637bd30"}
}
